<?xml version="1.0" encoding="UTF-8"?>
<testng-results ignored="0" total="1" passed="1" failed="0" skipped="0">
  <reporter-output>
  </reporter-output>
  <suite started-at="2021-08-19T20:18:14 CDT" name="Default suite" finished-at="2021-08-19T20:18:21 CDT" duration-ms="7480">
    <groups>
      <group name="cucumber">
        <method signature="AbstractTestNGCucumberTests.runScenario(io.cucumber.testng.PickleWrapper, io.cucumber.testng.FeatureWrapper)[pri:0, instance:runner_GG.Testing@3d51f06e]" name="runScenario" class="io.cucumber.testng.AbstractTestNGCucumberTests"/>
      </group> <!-- cucumber -->
    </groups>
    <test started-at="2021-08-19T20:18:14 CDT" name="Default test" finished-at="2021-08-19T20:18:21 CDT" duration-ms="7480">
      <class name="runner_GG.Testing">
        <test-method is-config="true" signature="setUpClass()[pri:0, instance:runner_GG.Testing@3d51f06e]" started-at="2021-08-19T20:18:14 CDT" name="setUpClass" finished-at="2021-08-19T20:18:15 CDT" duration-ms="765" status="PASS">
          <reporter-output>
          </reporter-output>
        </test-method> <!-- setUpClass -->
        <test-method signature="runScenario(io.cucumber.testng.PickleWrapper, io.cucumber.testng.FeatureWrapper)[pri:0, instance:runner_GG.Testing@3d51f06e]" started-at="2021-08-19T20:18:15 CDT" name="runScenario" description="Runs Cucumber Scenarios" data-provider="scenarios" finished-at="2021-08-19T20:18:21 CDT" duration-ms="6598" status="PASS">
          <params>
            <param index="0">
              <value>
                <![CDATA["Buscar mi nombre en google"]]>
              </value>
            </param>
            <param index="1">
              <value>
                <![CDATA["Optional[Buscar en google]"]]>
              </value>
            </param>
          </params>
          <reporter-output>
          </reporter-output>
        </test-method> <!-- runScenario -->
        <test-method is-config="true" signature="tearDownClass()[pri:0, instance:runner_GG.Testing@3d51f06e]" started-at="2021-08-19T20:18:21 CDT" name="tearDownClass" finished-at="2021-08-19T20:18:21 CDT" duration-ms="63" status="PASS">
          <reporter-output>
          </reporter-output>
        </test-method> <!-- tearDownClass -->
      </class> <!-- runner_GG.Testing -->
    </test> <!-- Default test -->
  </suite> <!-- Default suite -->
</testng-results>
